Build started 18/10/2014 12:02:05.
     1>Project "C:\Buckland_Chapter4-SimpleSoccer\Simple Soccer.vcxproj" on node 2 (build target(s)).
     1>InitializeBuildStatus:
         Touching "Debug\Simple Soccer.unsuccessfulbuild".
       ClCompile:
         c:\Program Files (x86)\Microsoft Visual Studio 10.0\VC\bin\CL.exe /c /Zi /nologo /W3 /WX- /Od /Oy- /D WIN32 /D _DEBUG /D _WINDOWS /Gm /EHsc /RTC1 /MDd /GS /fp:precise /Zc:wchar_t /Zc:forScope /Fo"Debug\\" /Fd"Debug\vc100.pdb" /Gd /TP /analyze- /errorReport:prompt FieldPlayer.cpp FieldPlayerStates.cpp Game\BaseGameEntity.cpp Goalkeeper.cpp GoalKeeperStates.cpp PlayerBase.cpp SoccerBall.cpp SoccerPitch.cpp SoccerTeam.cpp SteeringBehaviors.cpp SupportSpotCalculator.cpp TeamStates.cpp
         TeamStates.cpp
     1>\Buckland_Chapter4-SimpleSoccer\2D\Geometry.h(12): fatal error C1083: Cannot open include file: 'utils.h': No such file or directory
         SupportSpotCalculator.cpp
     1>\Buckland_Chapter4-SimpleSoccer\2D\Geometry.h(12): fatal error C1083: Cannot open include file: 'utils.h': No such file or directory
         SteeringBehaviors.cpp
     1>\Buckland_Chapter4-SimpleSoccer\2D\Geometry.h(12): fatal error C1083: Cannot open include file: 'utils.h': No such file or directory
         SoccerTeam.cpp
     1>c:\buckland_chapter4-simplesoccer\SoccerPitch.h(98): warning C4018: '<' : signed/unsigned mismatch
     1>\Buckland_Chapter4-SimpleSoccer\2D\Geometry.h(12): fatal error C1083: Cannot open include file: 'utils.h': No such file or directory
         SoccerPitch.cpp
     1>c:\buckland_chapter4-simplesoccer\SoccerPitch.h(98): warning C4018: '<' : signed/unsigned mismatch
     1>\Buckland_Chapter4-SimpleSoccer\2D\Geometry.h(12): fatal error C1083: Cannot open include file: 'utils.h': No such file or directory
         SoccerBall.cpp
     1>\Buckland_Chapter4-SimpleSoccer\2D\Geometry.h(12): fatal error C1083: Cannot open include file: 'utils.h': No such file or directory
         PlayerBase.cpp
     1>\Buckland_Chapter4-SimpleSoccer\2D\Geometry.h(12): fatal error C1083: Cannot open include file: 'utils.h': No such file or directory
         GoalKeeperStates.cpp
     1>c:\buckland_chapter4-simplesoccer\SoccerPitch.h(98): warning C4018: '<' : signed/unsigned mismatch
     1>\Buckland_Chapter4-SimpleSoccer\2D\Geometry.h(12): fatal error C1083: Cannot open include file: 'utils.h': No such file or directory
         Goalkeeper.cpp
     1>\Buckland_Chapter4-SimpleSoccer\2D\Geometry.h(12): fatal error C1083: Cannot open include file: 'utils.h': No such file or directory
         BaseGameEntity.cpp
     1>\Buckland_Chapter4-SimpleSoccer\2D\Vector2D.h(16): fatal error C1083: Cannot open include file: 'misc/utils.h': No such file or directory
         FieldPlayerStates.cpp
     1>c:\buckland_chapter4-simplesoccer\SoccerPitch.h(98): warning C4018: '<' : signed/unsigned mismatch
     1>\Buckland_Chapter4-SimpleSoccer\2D\Geometry.h(12): fatal error C1083: Cannot open include file: 'utils.h': No such file or directory
         FieldPlayer.cpp
     1>\Buckland_Chapter4-SimpleSoccer\2D\Geometry.h(12): fatal error C1083: Cannot open include file: 'utils.h': No such file or directory
         Generating Code...
     1>Done Building Project "C:\Buckland_Chapter4-SimpleSoccer\Simple Soccer.vcxproj" (build target(s)) -- FAILED.

Build FAILED.

Time Elapsed 00:00:28.31
